<?xml version="1.0" encoding="UTF-8"?>
<!-- Generated by org.testng.reporters.JUnitXMLReporter -->
<testsuite hostname="admins-MacBook-Pro.local" name="Default test" tests="6" failures="0" timestamp="29 Jul 2018 11:33:30 GMT" time="32.735" errors="0">
  <testcase name="usernameUITest" time="0.361" classname="TestSuite.GmailLoginTest"/>
  <testcase name="UsernameValidationTest" time="2.723" classname="TestSuite.GmailLoginTest"/>
  <testcase name="uiPasswordValidationTest" time="0.589" classname="TestSuite.GmailLoginTest"/>
  <testcase name="passwordValidationTest" time="20.754" classname="TestSuite.GmailLoginTest"/>
  <testcase name="loginVerificationTest" time="0.201" classname="TestSuite.GmailLoginTest"/>
  <testcase name="logoutVerificationTest" time="3.333" classname="TestSuite.GmailLoginTest"/>
</testsuite> <!-- Default test -->
